<?xml version="1.0" encoding="UTF-8"?>
<!-- Generated by org.testng.reporters.JUnitXMLReporter -->
<testsuite ignored="2" hostname="DESKTOP-8995CNM" failures="0" tests="2" name="Negative" time="0.02" errors="0" timestamp="2022-05-31T07:44:14 IST">
  <testcase classname="testng.BeforeAndAfterDemo" name="loginNegativeScenario1" time="0.001"/>
  <testcase classname="testng.BeforeAndAfterDemo" name="loginNegativeScenario2" time="0.003"/>
  <testcase classname="testng.BeforeAndAfterDemo" name="loginPositiveScenario1" time="0.0">
    <ignored/>
  </testcase> <!-- loginPositiveScenario1 -->
  <testcase classname="testng.BeforeAndAfterDemo" name="loginPositiveScenario2" time="0.0">
    <ignored/>
  </testcase> <!-- loginPositiveScenario2 -->
</testsuite> <!-- Negative -->
