<?xml version="1.0" encoding="UTF-8"?>
<!-- Generated by org.testng.reporters.JUnitXMLReporter -->
<testsuite ignored="2" hostname="DESKTOP-8995CNM" failures="0" tests="2" name="Positive" time="0.078" errors="0" timestamp="2022-05-31T07:44:14 IST">
  <testcase classname="testng.BeforeAndAfterDemo" name="loginPositiveScenario1" time="0.009"/>
  <testcase classname="testng.BeforeAndAfterDemo" name="loginPositiveScenario2" time="0.002"/>
  <testcase classname="testng.BeforeAndAfterDemo" name="loginNegativeScenario1" time="0.0">
    <ignored/>
  </testcase> <!-- loginNegativeScenario1 -->
  <testcase classname="testng.BeforeAndAfterDemo" name="loginNegativeScenario2" time="0.0">
    <ignored/>
  </testcase> <!-- loginNegativeScenario2 -->
</testsuite> <!-- Positive -->
